Read yaml solverToFortran.yaml
library C wrappers
namespace FortranBindings
C c void initImmersedEq(const size_t height, const size_t width, const size_t depth, const size_t fSize +implied(size(f)), const size_t nnzMaxB, float *p +intent(in)+rank(1), float *f +intent(in)+rank(1), const double deltaX, const double deltaY, const double deltaZ, const double tolerance, const size_t maxBCGIterations)
C f void initImmersedEq(const size_t height, const size_t width, const size_t depth, const size_t fSize +implied(size(f)), const size_t nnzMaxB, float *p +intent(in)+rank(1), float *f +intent(in)+rank(1), const double deltaX, const double deltaY, const double deltaZ, const double tolerance, const size_t maxBCGIterations)
C c void initImmersedEq(const size_t height, const size_t width, const size_t depth, const size_t fSize +implied(size(f)), const size_t nnzMaxB, float *p +intent(in)+rank(1), float *f +intent(in)+rank(1), const double deltaX, const double deltaY, const double deltaZ, const double tolerance, const size_t maxBCGIterations)
C f void initImmersedEq(const size_t height, const size_t width, const size_t depth, const size_t fSize +implied(size(f)), const size_t nnzMaxB, float *p +intent(in)+rank(1), float *f +intent(in)+rank(1), const double deltaX, const double deltaY, const double deltaZ, const double tolerance, const size_t maxBCGIterations)
C c void initImmersedEq(const size_t height, const size_t width, const size_t depth, const size_t fSize +implied(size(f)), const size_t nnzMaxB, double *p +intent(in)+rank(1), double *f +intent(in)+rank(1), const double deltaX, const double deltaY, const double deltaZ, const double tolerance, const size_t maxBCGIterations)
C f void initImmersedEq(const size_t height, const size_t width, const size_t depth, const size_t fSize +implied(size(f)), const size_t nnzMaxB, double *p +intent(in)+rank(1), double *f +intent(in)+rank(1), const double deltaX, const double deltaY, const double deltaZ, const double tolerance, const size_t maxBCGIterations)
C c void initImmersedEq(const size_t height, const size_t width, const size_t depth, const size_t fSize +implied(size(f)), const size_t nnzMaxB, double *p +intent(in)+rank(1), double *f +intent(in)+rank(1), const double deltaX, const double deltaY, const double deltaZ, const double tolerance, const size_t maxBCGIterations)
C f void initImmersedEq(const size_t height, const size_t width, const size_t depth, const size_t fSize +implied(size(f)), const size_t nnzMaxB, double *p +intent(in)+rank(1), double *f +intent(in)+rank(1), const double deltaX, const double deltaY, const double deltaZ, const double tolerance, const size_t maxBCGIterations)
C c void solveImmersedEq(Real *result +intent(out)+rank(1), size_t nnzB, Int *rowPointersB +intent(in)+rank(1), Int *colPointersB +intent(in)+rank(1), Real *valuesB +intent(in)+rank(1))
C f void solveImmersedEq(Real *result +intent(out)+rank(1), size_t nnzB, Int *rowPointersB +intent(in)+rank(1), Int *colPointersB +intent(in)+rank(1), Real *valuesB +intent(in)+rank(1))
C c void solveImmersedEq(float *result +intent(out)+rank(1), size_t nnzB, int32_t *rowPointersB +intent(in)+rank(1), int32_t *colPointersB +intent(in)+rank(1), float *valuesB +intent(in)+rank(1), bool multiStream=true)
C f void solveImmersedEq(float *result +intent(out)+rank(1), size_t nnzB, int32_t *rowPointersB +intent(in)+rank(1), int32_t *colPointersB +intent(in)+rank(1), float *valuesB +intent(in)+rank(1), bool multiStream=true)
C c void solveImmersedEq(float *result +intent(out)+rank(1), size_t nnzB, int64_t *rowPointersB +intent(in)+rank(1), int64_t *colPointersB +intent(in)+rank(1), float *valuesB +intent(in)+rank(1), bool multiStream=true)
C f void solveImmersedEq(float *result +intent(out)+rank(1), size_t nnzB, int64_t *rowPointersB +intent(in)+rank(1), int64_t *colPointersB +intent(in)+rank(1), float *valuesB +intent(in)+rank(1), bool multiStream=true)
C c void solveImmersedEq(double *result +intent(out)+rank(1), size_t nnzB, int32_t *rowPointersB +intent(in)+rank(1), int32_t *colPointersB +intent(in)+rank(1), double *valuesB +intent(in)+rank(1), bool multiStream=true)
C f void solveImmersedEq(double *result +intent(out)+rank(1), size_t nnzB, int32_t *rowPointersB +intent(in)+rank(1), int32_t *colPointersB +intent(in)+rank(1), double *valuesB +intent(in)+rank(1), bool multiStream=true)
C c void solveImmersedEq(double *result +intent(out)+rank(1), size_t nnzB, int64_t *rowPointersB +intent(in)+rank(1), int64_t *colPointersB +intent(in)+rank(1), double *valuesB +intent(in)+rank(1), bool multiStream=true)
C f void solveImmersedEq(double *result +intent(out)+rank(1), size_t nnzB, int64_t *rowPointersB +intent(in)+rank(1), int64_t *colPointersB +intent(in)+rank(1), double *valuesB +intent(in)+rank(1), bool multiStream=true)
Close wrapFortranBindings.h
Close wrapFortranBindings.cpp
library Fortran wrappers
namespace FortranBindings
Fortran void initImmersedEq(const size_t height, const size_t width, const size_t depth, const size_t fSize +implied(size(f)), const size_t nnzMaxB, float *p +intent(in)+rank(1), float *f +intent(in)+rank(1), const double deltaX, const double deltaY, const double deltaZ, const double tolerance, const size_t maxBCGIterations)
Fortran void initImmersedEq(const size_t height, const size_t width, const size_t depth, const size_t fSize +implied(size(f)), const size_t nnzMaxB, float *p +intent(in)+rank(1), float *f +intent(in)+rank(1), const double deltaX, const double deltaY, const double deltaZ, const double tolerance, const size_t maxBCGIterations)
Fortran void initImmersedEq(const size_t height, const size_t width, const size_t depth, const size_t fSize +implied(size(f)), const size_t nnzMaxB, double *p +intent(in)+rank(1), double *f +intent(in)+rank(1), const double deltaX, const double deltaY, const double deltaZ, const double tolerance, const size_t maxBCGIterations)
Fortran void initImmersedEq(const size_t height, const size_t width, const size_t depth, const size_t fSize +implied(size(f)), const size_t nnzMaxB, double *p +intent(in)+rank(1), double *f +intent(in)+rank(1), const double deltaX, const double deltaY, const double deltaZ, const double tolerance, const size_t maxBCGIterations)
Fortran void solveImmersedEq(Real *result +intent(out)+rank(1), size_t nnzB, Int *rowPointersB +intent(in)+rank(1), Int *colPointersB +intent(in)+rank(1), Real *valuesB +intent(in)+rank(1))
Fortran void solveImmersedEq(float *result +intent(out)+rank(1), size_t nnzB, int32_t *rowPointersB +intent(in)+rank(1), int32_t *colPointersB +intent(in)+rank(1), float *valuesB +intent(in)+rank(1), bool multiStream=true)
Fortran void solveImmersedEq(float *result +intent(out)+rank(1), size_t nnzB, int64_t *rowPointersB +intent(in)+rank(1), int64_t *colPointersB +intent(in)+rank(1), float *valuesB +intent(in)+rank(1), bool multiStream=true)
Fortran void solveImmersedEq(double *result +intent(out)+rank(1), size_t nnzB, int32_t *rowPointersB +intent(in)+rank(1), int32_t *colPointersB +intent(in)+rank(1), double *valuesB +intent(in)+rank(1), bool multiStream=true)
Fortran void solveImmersedEq(double *result +intent(out)+rank(1), size_t nnzB, int64_t *rowPointersB +intent(in)+rank(1), int64_t *colPointersB +intent(in)+rank(1), double *valuesB +intent(in)+rank(1), bool multiStream=true)
C-interface f void initImmersedEq(const size_t height, const size_t width, const size_t depth, const size_t fSize +implied(size(f)), const size_t nnzMaxB, float *p +intent(in)+rank(1), float *f +intent(in)+rank(1), const double deltaX, const double deltaY, const double deltaZ, const double tolerance, const size_t maxBCGIterations)
C-interface f void initImmersedEq(const size_t height, const size_t width, const size_t depth, const size_t fSize +implied(size(f)), const size_t nnzMaxB, float *p +intent(in)+rank(1), float *f +intent(in)+rank(1), const double deltaX, const double deltaY, const double deltaZ, const double tolerance, const size_t maxBCGIterations)
C-interface f void initImmersedEq(const size_t height, const size_t width, const size_t depth, const size_t fSize +implied(size(f)), const size_t nnzMaxB, double *p +intent(in)+rank(1), double *f +intent(in)+rank(1), const double deltaX, const double deltaY, const double deltaZ, const double tolerance, const size_t maxBCGIterations)
C-interface f void initImmersedEq(const size_t height, const size_t width, const size_t depth, const size_t fSize +implied(size(f)), const size_t nnzMaxB, double *p +intent(in)+rank(1), double *f +intent(in)+rank(1), const double deltaX, const double deltaY, const double deltaZ, const double tolerance, const size_t maxBCGIterations)
C-interface c void solveImmersedEq(Real *result +intent(out)+rank(1), size_t nnzB, Int *rowPointersB +intent(in)+rank(1), Int *colPointersB +intent(in)+rank(1), Real *valuesB +intent(in)+rank(1))
C-interface f void solveImmersedEq(Real *result +intent(out)+rank(1), size_t nnzB, Int *rowPointersB +intent(in)+rank(1), Int *colPointersB +intent(in)+rank(1), Real *valuesB +intent(in)+rank(1))
C-interface f void solveImmersedEq(float *result +intent(out)+rank(1), size_t nnzB, int32_t *rowPointersB +intent(in)+rank(1), int32_t *colPointersB +intent(in)+rank(1), float *valuesB +intent(in)+rank(1), bool multiStream=true)
C-interface f void solveImmersedEq(float *result +intent(out)+rank(1), size_t nnzB, int64_t *rowPointersB +intent(in)+rank(1), int64_t *colPointersB +intent(in)+rank(1), float *valuesB +intent(in)+rank(1), bool multiStream=true)
C-interface f void solveImmersedEq(double *result +intent(out)+rank(1), size_t nnzB, int32_t *rowPointersB +intent(in)+rank(1), int32_t *colPointersB +intent(in)+rank(1), double *valuesB +intent(in)+rank(1), bool multiStream=true)
C-interface f void solveImmersedEq(double *result +intent(out)+rank(1), size_t nnzB, int64_t *rowPointersB +intent(in)+rank(1), int64_t *colPointersB +intent(in)+rank(1), double *valuesB +intent(in)+rank(1), bool multiStream=true)
Close wrapffortranbindings.f
Close utilFortranBindings.cpp
Close typesFortranBindings.h
